{"name":"Verify login with incorrect password, TC-3","status":"broken","statusDetails":{"known":false,"muted":false,"flaky":false,"message":"Condition with com.exadel.automation.utils.ElementsUtil was not fulfilled within 10000 milliseconds.","trace":"com.jayway.awaitility.core.ConditionTimeoutException: Condition with com.exadel.automation.utils.ElementsUtil was not fulfilled within 10000 milliseconds.\r\n\tat com.jayway.awaitility.core.ConditionAwaiter.await(ConditionAwaiter.java:122)\r\n\tat com.jayway.awaitility.core.CallableCondition.await(CallableCondition.java:79)\r\n\tat com.jayway.awaitility.core.CallableCondition.await(CallableCondition.java:27)\r\n\tat com.jayway.awaitility.core.ConditionFactory.until(ConditionFactory.java:764)\r\n\tat com.jayway.awaitility.core.ConditionFactory.until(ConditionFactory.java:741)\r\n\tat com.exadel.automation.utils.Await.until(Await.java:411)\r\n\tat com.exadel.automation.utils.ElementsUtil.waitForVisible(ElementsUtil.java:211)\r\n\tat com.exadel.automation.utils.ElementsUtil.waitForVisible(ElementsUtil.java:202)\r\n\tat com.exadel.automation.pages.LoginPage.enterEmail(LoginPage.java:67)\r\n\tat com.exadel.automation.LoginTest.testIncorrectPasswordLogin(LoginTest.java:62)\r\n\tat java.base/jdk.internal.reflect.NativeMethodAccessorImpl.invoke0(Native Method)\r\n\tat java.base/jdk.internal.reflect.NativeMethodAccessorImpl.invoke(NativeMethodAccessorImpl.java:77)\r\n\tat java.base/jdk.internal.reflect.DelegatingMethodAccessorImpl.invoke(DelegatingMethodAccessorImpl.java:43)\r\n\tat java.base/java.lang.reflect.Method.invoke(Method.java:568)\r\n\tat org.testng.internal.MethodInvocationHelper.invokeMethod(MethodInvocationHelper.java:133)\r\n\tat org.testng.internal.TestInvoker.invokeMethod(TestInvoker.java:584)\r\n\tat org.testng.internal.TestInvoker.invokeTestMethod(TestInvoker.java:172)\r\n\tat org.testng.internal.MethodRunner.runInSequence(MethodRunner.java:46)\r\n\tat org.testng.internal.TestInvoker$MethodInvocationAgent.invoke(TestInvoker.java:804)\r\n\tat org.testng.internal.TestInvoker.invokeTestMethods(TestInvoker.java:145)\r\n\tat org.testng.internal.TestMethodWorker.invokeTestMethods(TestMethodWorker.java:146)\r\n\tat org.testng.internal.TestMethodWorker.run(TestMethodWorker.java:128)\r\n\tat java.base/java.util.ArrayList.forEach(ArrayList.java:1511)\r\n\tat org.testng.TestRunner.privateRun(TestRunner.java:770)\r\n\tat org.testng.TestRunner.run(TestRunner.java:591)\r\n\tat org.testng.SuiteRunner.runTest(SuiteRunner.java:402)\r\n\tat org.testng.SuiteRunner.runSequentially(SuiteRunner.java:396)\r\n\tat org.testng.SuiteRunner.privateRun(SuiteRunner.java:355)\r\n\tat org.testng.SuiteRunner.run(SuiteRunner.java:304)\r\n\tat org.testng.SuiteRunnerWorker.runSuite(SuiteRunnerWorker.java:53)\r\n\tat org.testng.SuiteRunnerWorker.run(SuiteRunnerWorker.java:96)\r\n\tat org.testng.TestNG.runSuitesSequentially(TestNG.java:1180)\r\n\tat org.testng.TestNG.runSuitesLocally(TestNG.java:1102)\r\n\tat org.testng.TestNG.runSuites(TestNG.java:1032)\r\n\tat org.testng.TestNG.run(TestNG.java:1000)\r\n\tat com.intellij.rt.testng.IDEARemoteTestNG.run(IDEARemoteTestNG.java:66)\r\n\tat com.intellij.rt.testng.RemoteTestNGStarter.main(RemoteTestNGStarter.java:109)\r\n"},"stage":"finished","description":"Verify login with incorrect password","steps":[{"name":"Navigate to Login page","status":"passed","stage":"finished","steps":[],"attachments":[],"parameters":[],"start":1664281048330,"stop":1664281048380},{"name":"Enter email","status":"broken","statusDetails":{"known":false,"muted":false,"flaky":false,"message":"Condition with com.exadel.automation.utils.ElementsUtil was not fulfilled within 10000 milliseconds.","trace":"com.jayway.awaitility.core.ConditionTimeoutException: Condition with com.exadel.automation.utils.ElementsUtil was not fulfilled within 10000 milliseconds.\r\n\tat com.jayway.awaitility.core.ConditionAwaiter.await(ConditionAwaiter.java:122)\r\n\tat com.jayway.awaitility.core.CallableCondition.await(CallableCondition.java:79)\r\n\tat com.jayway.awaitility.core.CallableCondition.await(CallableCondition.java:27)\r\n\tat com.jayway.awaitility.core.ConditionFactory.until(ConditionFactory.java:764)\r\n\tat com.jayway.awaitility.core.ConditionFactory.until(ConditionFactory.java:741)\r\n\tat com.exadel.automation.utils.Await.until(Await.java:411)\r\n\tat com.exadel.automation.utils.ElementsUtil.waitForVisible(ElementsUtil.java:211)\r\n\tat com.exadel.automation.utils.ElementsUtil.waitForVisible(ElementsUtil.java:202)\r\n\tat com.exadel.automation.pages.LoginPage.enterEmail(LoginPage.java:67)\r\n\tat com.exadel.automation.LoginTest.testIncorrectPasswordLogin(LoginTest.java:62)\r\n\tat java.base/jdk.internal.reflect.NativeMethodAccessorImpl.invoke0(Native Method)\r\n\tat java.base/jdk.internal.reflect.NativeMethodAccessorImpl.invoke(NativeMethodAccessorImpl.java:77)\r\n\tat java.base/jdk.internal.reflect.DelegatingMethodAccessorImpl.invoke(DelegatingMethodAccessorImpl.java:43)\r\n\tat java.base/java.lang.reflect.Method.invoke(Method.java:568)\r\n\tat org.testng.internal.MethodInvocationHelper.invokeMethod(MethodInvocationHelper.java:133)\r\n\tat org.testng.internal.TestInvoker.invokeMethod(TestInvoker.java:584)\r\n\tat org.testng.internal.TestInvoker.invokeTestMethod(TestInvoker.java:172)\r\n\tat org.testng.internal.MethodRunner.runInSequence(MethodRunner.java:46)\r\n\tat org.testng.internal.TestInvoker$MethodInvocationAgent.invoke(TestInvoker.java:804)\r\n\tat org.testng.internal.TestInvoker.invokeTestMethods(TestInvoker.java:145)\r\n\tat org.testng.internal.TestMethodWorker.invokeTestMethods(TestMethodWorker.java:146)\r\n\tat org.testng.internal.TestMethodWorker.run(TestMethodWorker.java:128)\r\n\tat java.base/java.util.ArrayList.forEach(ArrayList.java:1511)\r\n\tat org.testng.TestRunner.privateRun(TestRunner.java:770)\r\n\tat org.testng.TestRunner.run(TestRunner.java:591)\r\n\tat org.testng.SuiteRunner.runTest(SuiteRunner.java:402)\r\n\tat org.testng.SuiteRunner.runSequentially(SuiteRunner.java:396)\r\n\tat org.testng.SuiteRunner.privateRun(SuiteRunner.java:355)\r\n\tat org.testng.SuiteRunner.run(SuiteRunner.java:304)\r\n\tat org.testng.SuiteRunnerWorker.runSuite(SuiteRunnerWorker.java:53)\r\n\tat org.testng.SuiteRunnerWorker.run(SuiteRunnerWorker.java:96)\r\n\tat org.testng.TestNG.runSuitesSequentially(TestNG.java:1180)\r\n\tat org.testng.TestNG.runSuitesLocally(TestNG.java:1102)\r\n\tat org.testng.TestNG.runSuites(TestNG.java:1032)\r\n\tat org.testng.TestNG.run(TestNG.java:1000)\r\n\tat com.intellij.rt.testng.IDEARemoteTestNG.run(IDEARemoteTestNG.java:66)\r\n\tat com.intellij.rt.testng.RemoteTestNGStarter.main(RemoteTestNGStarter.java:109)\r\n"},"stage":"finished","steps":[],"attachments":[],"parameters":[{"name":"emailAddress","value":"autotests.demo@gmail.com"}],"start":1664281048381,"stop":1664281058437}],"attachments":[{"name":"Failed test screenshot","source":"4406d2fd-ef05-482c-9963-24b5b3c1d530-attachment","type":"image/png"}],"parameters":[],"start":1664281048228,"stop":1664281058915,"uuid":"adf5e456-5dac-4c51-845e-c410a6b5f8a4","historyId":"7067fd63937b0985bb44835a00bad561","fullName":"com.exadel.automation.LoginTest.testIncorrectPasswordLogin","labels":[{"name":"package","value":"com.exadel.automation.LoginTest"},{"name":"testClass","value":"com.exadel.automation.LoginTest"},{"name":"testMethod","value":"testIncorrectPasswordLogin"},{"name":"parentSuite","value":"Default Suite"},{"name":"suite","value":"WebDriverManager.java"},{"name":"subSuite","value":"com.exadel.automation.LoginTest"},{"name":"host","value":"DESKTOP-DE2O6NE"},{"name":"thread","value":"24852@DESKTOP-DE2O6NE.main(1)"},{"name":"framework","value":"testng"},{"name":"language","value":"java"},{"name":"feature","value":"AMAZON"},{"name":"story","value":"Login with incorrect password"},{"name":"severity","value":"minor"}],"links":[{"name":"3","url":"https://newdemoproject.testrail.io/index.php?/cases/view/3","type":"tms"}]}